#
# A fatal error has been detected by the Java Runtime Environment:
#
#  EXCEPTION_STACK_OVERFLOW (0xc00000fd) at pc=0x6400b9a3, pid=11372, tid=0x000056c8
#
# JRE version: Java(TM) SE Runtime Environment (8.0_171-b11) (build 1.8.0_171-b11)
# Java VM: Java HotSpot(TM) Client VM (25.171-b11 mixed mode windows-x86 )
# Problematic frame:
# C  [jSSC-2.8_x86.dll+0xb9a3]
#
# Failed to write core dump. Minidumps are not enabled by default on client versions of Windows
#
# If you would like to submit a bug report, please visit:
#   http://bugreport.java.com/bugreport/crash.jsp
# The crash happened outside the Java Virtual Machine in native code.
# See problematic frame for where to report the bug.
#

---------------  T H R E A D  ---------------

Current thread (0x2a738800):  JavaThread "EventThread COM9" [_thread_in_native, id=22216, stack(0x04f50000,0x04fa0000)]

siginfo: ExceptionCode=0xc00000fd, ExceptionInformation=0x00000001 0x04f50700 

Registers:
EAX=0x000085f0, EBX=0x0351bcb8, ECX=0x04f50700, EDX=0x0351bbd0
ESP=0x04f9f6f4, EBP=0x04f9f758, ESI=0x2a738940, EDI=0x0351bccc
EIP=0x6400b9a3, EFLAGS=0x00010206

Top of Stack: (sp=0x04f9f6f4)
0x04f9f6f4:   000565f0 00000000 64001739 00000014
0x04f9f704:   00000000 00000000 00000000 00000000
0x04f9f714:   7754a780 2a7c0c64 0351bc98 2a738940
0x04f9f724:   00000000 00000aa4 0351bbd0 00000005
0x04f9f734:   28f8a328 0005000e 04db0d78 00000001
0x04f9f744:   00000000 00000000 00000000 000565ea
0x04f9f754:   2a738800 04f9f788 051e4ca5 2a738940
0x04f9f764:   04f9f774 00000aa4 00000000 000565ea 

Instructions: (pc=0x6400b9a3)
0x6400b983:   fd ff ff eb 91 90 90 90 90 90 90 90 90 51 50 3d
0x6400b993:   00 10 00 00 8d 4c 24 0c 72 15 81 e9 00 10 00 00
0x6400b9a3:   83 09 00 2d 00 10 00 00 3d 00 10 00 00 77 eb 29
0x6400b9b3:   c1 83 09 00 58 59 c3 90 90 8b 44 24 04 c7 00 ff 


Register to memory mapping:

EAX=0x000085f0 is an unknown value
EBX=0x0351bcb8 is an unknown value
ECX=0x04f50700 is pointing into the stack for thread: 0x2a738800
EDX=0x0351bbd0 is an unknown value
ESP=0x04f9f6f4 is pointing into the stack for thread: 0x2a738800
EBP=0x04f9f758 is pointing into the stack for thread: 0x2a738800
ESI=0x2a738940 is an unknown value
EDI=0x0351bccc is an unknown value


Stack: [0x04f50000,0x04fa0000],  sp=0x04f9f6f4,  free space=317k
Native frames: (J=compiled Java code, j=interpreted, Vv=VM code, C=native code)
C  [jSSC-2.8_x86.dll+0xb9a3]
J 4081  jssc.SerialNativeInterface.readBytes(JI)[B (0 bytes) @ 0x051e4ca5 [0x051e4c10+0x95]
J 4047 C1 processing.app.Serial.serialEvent(Ljssc/SerialPortEvent;)V (195 bytes) @ 0x053c0ab4 [0x053c0980+0x134]
J 3780 C1 jssc.SerialPort$EventThread.run()V (84 bytes) @ 0x052cc3b8 [0x052cc240+0x178]
v  ~StubRoutines::call_stub
V  [jvm.dll+0x15b985]
V  [jvm.dll+0x22262e]
V  [jvm.dll+0x15ba1e]
V  [jvm.dll+0x15bba6]
V  [jvm.dll+0x15bc17]
V  [jvm.dll+0xffb3f]
V  [jvm.dll+0x17eb50]
V  [jvm.dll+0x17f3ca]
V  [jvm.dll+0x1c3fe6]
C  [msvcr100.dll+0x5c556]
C  [msvcr100.dll+0x5c600]
C  [KERNEL32.DLL+0x18674]
C  [ntdll.dll+0x65e17]
C  [ntdll.dll+0x65de7]
C  0x00000000

Java frames: (J=compiled Java code, j=interpreted, Vv=VM code)
J 4081  jssc.SerialNativeInterface.readBytes(JI)[B (0 bytes) @ 0x051e4c61 [0x051e4c10+0x51]
J 4047 C1 processing.app.Serial.serialEvent(Ljssc/SerialPortEvent;)V (195 bytes) @ 0x053c0ab4 [0x053c0980+0x134]
J 3780 C1 jssc.SerialPort$EventThread.run()V (84 bytes) @ 0x052cc3b8 [0x052cc240+0x178]
v  ~StubRoutines::call_stub

---------------  P R O C E S S  ---------------

Java Threads: ( => current thread )
=>0x2a738800 JavaThread "EventThread COM9" [_thread_in_native, id=22216, stack(0x04f50000,0x04fa0000)]
  0x2a73d400 JavaThread "DestroyJavaVM" [_thread_blocked, id=19292, stack(0x04fc0000,0x05010000)]
  0x2a73a000 JavaThread "TimerQueue" daemon [_thread_blocked, id=22484, stack(0x2c030000,0x2c080000)]
  0x2a739400 JavaThread "AWT-EventQueue-0" [_thread_in_vm, id=16164, stack(0x2b8a0000,0x2b8f0000)]
  0x2a73c000 JavaThread "AWT-Shutdown" [_thread_blocked, id=2700, stack(0x2b810000,0x2b860000)]
  0x28c4ec00 JavaThread "Batik CleanerThread" daemon [_thread_blocked, id=21828, stack(0x2ac50000,0x2aca0000)]
  0x28c4e400 JavaThread "JmDNS(C-20ENS144-3371-cedarforest-cedarville-edu.local.).State.Timer" [_thread_blocked, id=10568, stack(0x2b190000,0x2b1e0000)]
  0x28c4f800 JavaThread "JmDNS(C-20ENS144-3371-cedarforest-cedarville-edu.local.).Timer" daemon [_thread_blocked, id=21212, stack(0x2b100000,0x2b150000)]
  0x28c4e000 JavaThread "SocketListener(C-20ENS144-3371-cedarforest-cedarville-edu.local.)" daemon [_thread_in_native, id=19176, stack(0x2b070000,0x2b0c0000)]
  0x2a29d800 JavaThread "JmDNS(C-20ENS144-3371-cedarforest-cedarville-edu.local.).State.Timer" [_thread_blocked, id=21932, stack(0x2af30000,0x2af80000)]
  0x2a29d000 JavaThread "JmDNS(C-20ENS144-3371-cedarforest-cedarville-edu.local.).Timer" daemon [_thread_blocked, id=21056, stack(0x2aea0000,0x2aef0000)]
  0x28cdc800 JavaThread "SocketListener(C-20ENS144-3371-cedarforest-cedarville-edu.local.)" daemon [_thread_in_native, id=13404, stack(0x29340000,0x29390000)]
  0x2a22f800 JavaThread "Multihomed mDNS.Timer" daemon [_thread_blocked, id=22000, stack(0x2abc0000,0x2ac10000)]
  0x2a217000 JavaThread "cc.arduino.packages.discoverers.serial.SerialBoardsLister" [_thread_blocked, id=20932, stack(0x2ace0000,0x2ad30000)]
  0x28de8c00 JavaThread "AWT-Windows" daemon [_thread_in_native, id=17900, stack(0x293d0000,0x29420000)]
  0x28de7400 JavaThread "Java2D Disposer" daemon [_thread_blocked, id=22336, stack(0x292b0000,0x29300000)]
  0x284fd400 JavaThread "Service Thread" daemon [_thread_blocked, id=9976, stack(0x28aa0000,0x28af0000)]
  0x284d2c00 JavaThread "C1 CompilerThread0" daemon [_thread_blocked, id=22240, stack(0x28a10000,0x28a60000)]
  0x284d0800 JavaThread "Attach Listener" daemon [_thread_blocked, id=20152, stack(0x28980000,0x289d0000)]
  0x284cec00 JavaThread "Signal Dispatcher" daemon [_thread_blocked, id=20648, stack(0x288f0000,0x28940000)]
  0x284bc800 JavaThread "Finalizer" daemon [_thread_blocked, id=18448, stack(0x28770000,0x287c0000)]
  0x284a6800 JavaThread "Reference Handler" daemon [_thread_blocked, id=20408, stack(0x286e0000,0x28730000)]

Other Threads:
  0x284a0c00 VMThread [stack: 0x27860000,0x278b0000] [id=10412]
  0x28508400 WatcherThread [stack: 0x28b30000,0x28b80000] [id=14988]

VM state:not at safepoint (normal execution)

VM Mutex/Monitor currently owned by a thread: None

Heap:
 def new generation   total 157248K, used 135731K [0x07200000, 0x11ca0000, 0x11ca0000)
  eden space 139776K,  97% used [0x07200000, 0x0f68cd00, 0x0fa80000)
  from space 17472K,   0% used [0x0fa80000, 0x0fa80000, 0x10b90000)
  to   space 17472K,   0% used [0x10b90000, 0x10b90000, 0x11ca0000)
 tenured generation   total 349568K, used 349567K [0x11ca0000, 0x27200000, 0x27200000)
   the space 349568K,  99% used [0x11ca0000, 0x271ffff8, 0x27200000, 0x27200000)
 Metaspace       used 19671K, capacity 20190K, committed 20352K, reserved 20864K

Card table byte_map: [0x27200000,0x27310000] byte_map_base: 0x271c7000

Polling page: 0x03500000

CodeCache: size=32768Kb used=3524Kb max_used=4641Kb free=29243Kb
 bounds [0x050f0000, 0x05580000, 0x070f0000]
 total_blobs=2161 nmethods=1884 adapters=206
 compilation: enabled

Compilation events (10 events):
Event: 87496.667 Thread 0x284d2c00 5267             java.util.Collections::synchronizedList (27 bytes)
Event: 87496.668 Thread 0x284d2c00 nmethod 5267 0x0525a488 code [0x0525a5b0, 0x0525a858]
Event: 87496.683 Thread 0x284d2c00 5268             java.awt.geom.AffineTransform::equals (92 bytes)
Event: 87496.683 Thread 0x284d2c00 nmethod 5268 0x052cd888 code [0x052cd980, 0x052cdb10]
Event: 87496.700 Thread 0x284d2c00 5269             java.lang.Math::max (46 bytes)
Event: 87496.700 Thread 0x284d2c00 nmethod 5269 0x054e2f88 code [0x054e3080, 0x054e3190]
Event: 87496.753 Thread 0x284d2c00 5270             sun.font.FontDesignMetrics$MetricsKey::hashCode (5 bytes)
Event: 87496.753 Thread 0x284d2c00 nmethod 5270 0x05247288 code [0x05247380, 0x05247400]
Event: 87496.753 Thread 0x284d2c00 5271             sun.font.FontDesignMetrics$MetricsKey::equals (49 bytes)
Event: 87496.753 Thread 0x284d2c00 nmethod 5271 0x05539cc8 code [0x05539de0, 0x05539f68]

GC Heap History (10 events):
Event: 87491.269 GC heap before
{Heap before GC invocations=124 (full 8):
 def new generation   total 148608K, used 132096K [0x07200000, 0x11340000, 0x11ca0000)
  eden space 132096K, 100% used [0x07200000, 0x0f300000, 0x0f300000)
  from space 16512K,   0% used [0x0f300000, 0x0f300000, 0x10320000)
  to   space 16512K,   0% used [0x10320000, 0x10320000, 0x11340000)
 tenured generation   total 330140K, used 198082K [0x11ca0000, 0x25f07000, 0x27200000)
   the space 330140K,  59% used [0x11ca0000, 0x1de109c8, 0x1de10a00, 0x25f07000)
 Metaspace       used 19671K, capacity 20190K, committed 20352K, reserved 20864K
Event: 87491.403 GC heap after
Heap after GC invocations=125 (full 8):
 def new generation   total 148608K, used 16512K [0x07200000, 0x11340000, 0x11ca0000)
  eden space 132096K,   0% used [0x07200000, 0x07200000, 0x0f300000)
  from space 16512K, 100% used [0x10320000, 0x11340000, 0x11340000)
  to   space 16512K,   0% used [0x0f300000, 0x0f300000, 0x10320000)
 tenured generation   total 330140K, used 246616K [0x11ca0000, 0x25f07000, 0x27200000)
   the space 330140K,  74% used [0x11ca0000, 0x20d76040, 0x20d76200, 0x25f07000)
 Metaspace       used 19671K, capacity 20190K, committed 20352K, reserved 20864K
}
Event: 87492.678 GC heap before
{Heap before GC invocations=125 (full 8):
 def new generation   total 148608K, used 148608K [0x07200000, 0x11340000, 0x11ca0000)
  eden space 132096K, 100% used [0x07200000, 0x0f300000, 0x0f300000)
  from space 16512K, 100% used [0x10320000, 0x11340000, 0x11340000)
  to   space 16512K,   0% used [0x0f300000, 0x0f300000, 0x10320000)
 tenured generation   total 330140K, used 246616K [0x11ca0000, 0x25f07000, 0x27200000)
   the space 330140K,  74% used [0x11ca0000, 0x20d76040, 0x20d76200, 0x25f07000)
 Metaspace       used 19671K, capacity 20190K, committed 20352K, reserved 20864K
Event: 87492.839 GC heap after
Heap after GC invocations=126 (full 8):
 def new generation   total 148608K, used 16512K [0x07200000, 0x11340000, 0x11ca0000)
  eden space 132096K,   0% used [0x07200000, 0x07200000, 0x0f300000)
  from space 16512K, 100% used [0x0f300000, 0x10320000, 0x10320000)
  to   space 16512K,   0% used [0x10320000, 0x10320000, 0x11340000)
 tenured generation   total 330140K, used 307553K [0x11ca0000, 0x25f07000, 0x27200000)
   the space 330140K,  93% used [0x11ca0000, 0x248f8530, 0x248f8600, 0x25f07000)
 Metaspace       used 19671K, capacity 20190K, committed 20352K, reserved 20864K
}
Event: 87494.229 GC heap before
{Heap before GC invocations=126 (full 8):
 def new generation   total 148608K, used 148608K [0x07200000, 0x11340000, 0x11ca0000)
  eden space 132096K, 100% used [0x07200000, 0x0f300000, 0x0f300000)
  from space 16512K, 100% used [0x0f300000, 0x10320000, 0x10320000)
  to   space 16512K,   0% used [0x10320000, 0x10320000, 0x11340000)
 tenured generation   total 330140K, used 307553K [0x11ca0000, 0x25f07000, 0x27200000)
   the space 330140K,  93% used [0x11ca0000, 0x248f8530, 0x248f8600, 0x25f07000)
 Metaspace       used 19671K, capacity 20190K, committed 20352K, reserved 20864K
Event: 87494.730 GC heap after
Heap after GC invocations=127 (full 9):
 def new generation   total 157248K, used 54941K [0x07200000, 0x11ca0000, 0x11ca0000)
  eden space 139776K,  39% used [0x07200000, 0x0a7a7560, 0x0fa80000)
  from space 17472K,   0% used [0x0fa80000, 0x0fa80000, 0x10b90000)
  to   space 17472K,   0% used [0x10b90000, 0x10b90000, 0x11ca0000)
 tenured generation   total 349568K, used 330139K [0x11ca0000, 0x27200000, 0x27200000)
   the space 349568K,  94% used [0x11ca0000, 0x25f06fa8, 0x25f07000, 0x27200000)
 Metaspace       used 19671K, capacity 20190K, committed 20352K, reserved 20864K
}
Event: 87496.114 GC heap before
{Heap before GC invocations=127 (full 9):
 def new generation   total 157248K, used 157248K [0x07200000, 0x11ca0000, 0x11ca0000)
  eden space 139776K, 100% used [0x07200000, 0x0fa80000, 0x0fa80000)
  from space 17472K, 100% used [0x0fa80000, 0x10b90000, 0x10b90000)
  to   space 17472K,   0% used [0x10b90000, 0x10b90000, 0x11ca0000)
 tenured generation   total 349568K, used 349567K [0x11ca0000, 0x27200000, 0x27200000)
   the space 349568K,  99% used [0x11ca0000, 0x271fffd8, 0x27200000, 0x27200000)
 Metaspace       used 19671K, capacity 20190K, committed 20352K, reserved 20864K
Event: 87496.666 GC heap after
Heap after GC invocations=128 (full 10):
 def new generation   total 157248K, used 102574K [0x07200000, 0x11ca0000, 0x11ca0000)
  eden space 139776K,  73% used [0x07200000, 0x0d62b8f8, 0x0fa80000)
  from space 17472K,   0% used [0x0fa80000, 0x0fa80000, 0x10b90000)
  to   space 17472K,   0% used [0x10b90000, 0x10b90000, 0x11ca0000)
 tenured generation   total 349568K, used 349567K [0x11ca0000, 0x27200000, 0x27200000)
   the space 349568K,  99% used [0x11ca0000, 0x271fffd8, 0x27200000, 0x27200000)
 Metaspace       used 19671K, capacity 20190K, committed 20352K, reserved 20864K
}
Event: 87497.336 GC heap before
{Heap before GC invocations=128 (full 10):
 def new generation   total 157248K, used 157248K [0x07200000, 0x11ca0000, 0x11ca0000)
  eden space 139776K, 100% used [0x07200000, 0x0fa80000, 0x0fa80000)
  from space 17472K, 100% used [0x0fa80000, 0x10b90000, 0x10b90000)
  to   space 17472K,   0% used [0x10b90000, 0x10b90000, 0x11ca0000)
 tenured generation   total 349568K, used 349567K [0x11ca0000, 0x27200000, 0x27200000)
   the space 349568K,  99% used [0x11ca0000, 0x271ffff8, 0x27200000, 0x27200000)
 Metaspace       used 19671K, capacity 20190K, committed 20352K, reserved 20864K
Event: 87497.860 GC heap after
Heap after GC invocations=129 (full 11):
 def new generation   total 157248K, used 127562K [0x07200000, 0x11ca0000, 0x11ca0000)
  eden space 139776K,  91% used [0x07200000, 0x0ee92bd8, 0x0fa80000)
  from space 17472K,   0% used [0x0fa80000, 0x0fa80000, 0x10b90000)
  to   space 17472K,   0% used [0x10b90000, 0x10b90000, 0x11ca0000)
 tenured generation   total 349568K, used 349567K [0x11ca0000, 0x27200000, 0x27200000)
   the space 349568K,  99% used [0x11ca0000, 0x271ffff8, 0x27200000, 0x27200000)
 Metaspace       used 19671K, capacity 20190K, committed 20352K, reserved 20864K
}

Deoptimization events (0 events):
No events

Classes redefined (0 events):
No events

Internal exceptions (10 events):
Event: 87464.631 Thread 0x2a73e000 Exception <a 'sun/nio/fs/WindowsException'> (0x0a075730) thrown at [C:\re\workspace\8-2-build-windows-i586-cygwin\jdk8u171\10807\hotspot\src\share\vm\prims\jni.cpp, line 709]
Event: 87464.632 Thread 0x2a73e000 Exception <a 'sun/nio/fs/WindowsException'> (0x0a08b760) thrown at [C:\re\workspace\8-2-build-windows-i586-cygwin\jdk8u171\10807\hotspot\src\share\vm\prims\jni.cpp, line 709]
Event: 87464.632 Thread 0x2a73e000 Exception <a 'sun/nio/fs/WindowsException'> (0x0a08bc78) thrown at [C:\re\workspace\8-2-build-windows-i586-cygwin\jdk8u171\10807\hotspot\src\share\vm\prims\jni.cpp, line 709]
Event: 87464.633 Thread 0x2a73e000 Exception <a 'sun/nio/fs/WindowsException'> (0x0a09c6d0) thrown at [C:\re\workspace\8-2-build-windows-i586-cygwin\jdk8u171\10807\hotspot\src\share\vm\prims\jni.cpp, line 709]
Event: 87464.633 Thread 0x2a73e000 Exception <a 'sun/nio/fs/WindowsException'> (0x0a09cc60) thrown at [C:\re\workspace\8-2-build-windows-i586-cygwin\jdk8u171\10807\hotspot\src\share\vm\prims\jni.cpp, line 709]
Event: 87464.634 Thread 0x2a73e000 Exception <a 'java/io/IOException'> (0x0a09fba8) thrown at [C:\re\workspace\8-2-build-windows-i586-cygwin\jdk8u171\10807\hotspot\src\share\vm\prims\jni.cpp, line 709]
Event: 87464.634 Thread 0x2a73e000 Exception <a 'java/io/IOException'> (0x0a09ff48) thrown at [C:\re\workspace\8-2-build-windows-i586-cygwin\jdk8u171\10807\hotspot\src\share\vm\prims\jni.cpp, line 709]
Event: 87464.634 Thread 0x2a73e000 Exception <a 'java/io/IOException'> (0x0a0a0190) thrown at [C:\re\workspace\8-2-build-windows-i586-cygwin\jdk8u171\10807\hotspot\src\share\vm\prims\jni.cpp, line 709]
Event: 87464.635 Thread 0x2a73e000 Exception <a 'sun/nio/fs/WindowsException'> (0x0a0a75f0) thrown at [C:\re\workspace\8-2-build-windows-i586-cygwin\jdk8u171\10807\hotspot\src\share\vm\prims\jni.cpp, line 709]
Event: 87464.636 Thread 0x2a73e000 Exception <a 'sun/nio/fs/WindowsException'> (0x0a0a7b80) thrown at [C:\re\workspace\8-2-build-windows-i586-cygwin\jdk8u171\10807\hotspot\src\share\vm\prims\jni.cpp, line 709]

Events (10 events):
Event: 87496.684 Thread 0x284d2c00 flushing nmethod 0x054e4048
Event: 87496.684 Thread 0x284d2c00 flushing nmethod 0x054e4548
Event: 87496.684 Thread 0x284d2c00 flushing nmethod 0x054e4b08
Event: 87496.684 Thread 0x284d2c00 flushing nmethod 0x054e58c8
Event: 87496.684 Thread 0x284d2c00 flushing nmethod 0x05534548
Event: 87496.684 Thread 0x284d2c00 flushing nmethod 0x05534788
Event: 87496.684 Thread 0x284d2c00 flushing nmethod 0x05539bc8
Event: 87496.684 Thread 0x284d2c00 flushing nmethod 0x05539d88
Event: 87497.336 Executing VM operation: GenCollectForAllocation
Event: 87497.861 Executing VM operation: GenCollectForAllocation done


Dynamic libraries:
0x00160000 - 0x00193000 	C:\Program Files (x86)\Arduino\java\bin\javaw.exe
0x77510000 - 0x7769c000 	C:\windows\SYSTEM32\ntdll.dll
0x755f0000 - 0x756c0000 	C:\windows\System32\KERNEL32.DLL
0x74730000 - 0x74908000 	C:\windows\System32\KERNELBASE.dll
0x74e90000 - 0x74f08000 	C:\windows\System32\ADVAPI32.dll
0x74ba0000 - 0x74c5d000 	C:\windows\System32\msvcrt.dll
0x74e40000 - 0x74e83000 	C:\windows\System32\sechost.dll
0x75160000 - 0x7521e000 	C:\windows\System32\RPCRT4.dll
0x73f30000 - 0x73f50000 	C:\windows\System32\SspiCli.dll
0x73f20000 - 0x73f2a000 	C:\windows\System32\CRYPTBASE.dll
0x746d0000 - 0x74727000 	C:\windows\System32\bcryptPrimitives.dll
0x75c60000 - 0x75dd5000 	C:\windows\System32\USER32.dll
0x74b80000 - 0x74b96000 	C:\windows\System32\win32u.dll
0x74c60000 - 0x74c82000 	C:\windows\System32\GDI32.dll
0x75220000 - 0x7537f000 	C:\windows\System32\gdi32full.dll
0x75470000 - 0x754ec000 	C:\windows\System32\msvcp_win.dll
0x75b40000 - 0x75c57000 	C:\windows\System32\ucrtbase.dll
0x72de0000 - 0x72ff1000 	C:\windows\WinSxS\x86_microsoft.windows.common-controls_6595b64144ccf1df_6.0.16299.904_none_5d78158da7df044e\COMCTL32.dll
0x74f10000 - 0x75155000 	C:\windows\System32\combase.dll
0x73ff0000 - 0x74015000 	C:\windows\System32\IMM32.DLL
0x6be70000 - 0x6bf2f000 	C:\Program Files (x86)\Arduino\java\bin\msvcr100.dll
0x681f0000 - 0x685c1000 	C:\Program Files (x86)\Arduino\java\bin\client\jvm.dll
0x772a0000 - 0x772a6000 	C:\windows\System32\PSAPI.DLL
0x73ae0000 - 0x73b04000 	C:\windows\SYSTEM32\WINMM.dll
0x73a00000 - 0x73a08000 	C:\windows\SYSTEM32\VERSION.dll
0x73dd0000 - 0x73dd8000 	C:\windows\SYSTEM32\WSOCK32.dll
0x75400000 - 0x75466000 	C:\windows\System32\WS2_32.dll
0x73a10000 - 0x73a33000 	C:\windows\SYSTEM32\WINMMBASE.dll
0x74030000 - 0x74068000 	C:\windows\System32\cfgmgr32.dll
0x6bc90000 - 0x6bcc0000 	C:\Program Files (x86)\Arduino\java\bin\splashscreen.dll
0x734b0000 - 0x73529000 	C:\windows\system32\uxtheme.dll
0x6c830000 - 0x6c83c000 	C:\Program Files (x86)\Arduino\java\bin\verify.dll
0x74a00000 - 0x74b44000 	C:\windows\System32\MSCTF.dll
0x75ec0000 - 0x75f53000 	C:\windows\System32\OLEAUT32.dll
0x6bc60000 - 0x6bc82000 	C:\Program Files (x86)\Arduino\java\bin\java.dll
0x6bc40000 - 0x6bc54000 	C:\Program Files (x86)\Arduino\java\bin\zip.dll
0x74b50000 - 0x74b5e000 	C:\windows\System32\kernel.appcore.dll
0x68170000 - 0x681e7000 	C:\windows\System32\TextInputFramework.dll
0x67ea0000 - 0x67f2c000 	C:\windows\System32\CoreMessaging.dll
0x67f30000 - 0x68164000 	C:\windows\System32\CoreUIComponents.dll
0x74970000 - 0x749f8000 	C:\windows\System32\SHCORE.dll
0x73790000 - 0x737b8000 	C:\windows\SYSTEM32\ntmarta.dll
0x67dd0000 - 0x67e9b000 	C:\windows\SYSTEM32\wintypes.dll
0x73470000 - 0x73493000 	C:\windows\system32\dwmapi.dll
0x75f60000 - 0x77294000 	C:\windows\System32\SHELL32.dll
0x74100000 - 0x746c4000 	C:\windows\System32\windows.storage.dll
0x756c0000 - 0x75705000 	C:\windows\System32\shlwapi.dll
0x73f50000 - 0x73f95000 	C:\windows\System32\powrprof.dll
0x74e20000 - 0x74e34000 	C:\windows\System32\profapi.dll
0x61940000 - 0x619b2000 	C:\Program Files (x86)\Arduino\lib\listSerialsj.dll
0x75710000 - 0x75b36000 	C:\windows\System32\SETUPAPI.dll
0x6bc20000 - 0x6bc3d000 	C:\Program Files (x86)\Arduino\lib\jnidispatch-4.2.2-win32-x86.dll
0x754f0000 - 0x755e7000 	C:\windows\System32\Ole32.dll
0x6bc00000 - 0x6bc15000 	C:\Program Files (x86)\Arduino\java\bin\net.dll
0x73cb0000 - 0x73d05000 	C:\windows\system32\mswsock.dll
0x6c820000 - 0x6c82f000 	C:\Program Files (x86)\Arduino\java\bin\nio.dll
0x67c80000 - 0x67dc5000 	C:\Program Files (x86)\Arduino\java\bin\awt.dll
0x72730000 - 0x727ca000 	C:\windows\SYSTEM32\apphelp.dll
0x6bbc0000 - 0x6bbf9000 	C:\Program Files (x86)\Arduino\java\bin\fontmanager.dll
0x725c0000 - 0x7269f000 	C:\windows\system32\opengl32.dll
0x72590000 - 0x725b5000 	C:\windows\SYSTEM32\GLU32.dll
0x6bb80000 - 0x6bbb2000 	C:\Program Files (x86)\Arduino\java\bin\t2k.dll
0x735e0000 - 0x73602000 	C:\windows\SYSTEM32\DEVOBJ.dll
0x73fa0000 - 0x73fe6000 	C:\windows\System32\WINTRUST.dll
0x74020000 - 0x7402e000 	C:\windows\System32\MSASN1.dll
0x74c90000 - 0x74e12000 	C:\windows\System32\CRYPT32.dll
0x738d0000 - 0x73900000 	C:\windows\SYSTEM32\IPHLPAPI.DLL
0x753f0000 - 0x753f7000 	C:\windows\System32\NSI.dll
0x736f0000 - 0x73703000 	C:\windows\SYSTEM32\dhcpcsvc6.DLL
0x73760000 - 0x73774000 	C:\windows\SYSTEM32\dhcpcsvc.DLL
0x73900000 - 0x73994000 	C:\windows\SYSTEM32\DNSAPI.dll
0x73830000 - 0x73851000 	C:\Program Files (x86)\Bonjour\mdnsNSP.dll
0x63560000 - 0x63568000 	C:\Program Files (x86)\National Instruments\Shared\mDNS Responder\nimdnsNSP.dll
0x63550000 - 0x6355b000 	C:\windows\SYSTEM32\nimdnsResponder.dll
0x73de0000 - 0x73e83000 	C:\windows\WinSxS\x86_microsoft.vc90.crt_1fc8b3b9a1e18e3b_9.0.30729.9317_none_508dca76bcbcfe81\MSVCR90.dll
0x73780000 - 0x73788000 	C:\Windows\System32\rasadhlp.dll
0x737e0000 - 0x7382e000 	C:\windows\System32\fwpuclnt.dll
0x737c0000 - 0x737d9000 	C:\windows\SYSTEM32\bcrypt.dll
0x6bb10000 - 0x6bb79000 	C:\Program Files (x86)\Arduino\msvcp100.dll
0x67bc0000 - 0x67c7e000 	C:\Program Files (x86)\Arduino\msvcr100.dll
0x2b370000 - 0x2b3a2000 	C:\Program Files (x86)\Arduino\lib\AStylej.dll
0x67b90000 - 0x67bb4000 	C:\Program Files (x86)\Arduino\java\bin\dcpr.dll
0x77420000 - 0x774a2000 	C:\windows\System32\clbcatq.dll
0x6f430000 - 0x6f59e000 	C:\windows\SYSTEM32\WindowsCodecs.dll
0x67a50000 - 0x67a98000 	C:\windows\system32\dataexchange.dll
0x67710000 - 0x6780e000 	C:\windows\system32\dcomp.dll
0x67810000 - 0x67a4e000 	C:\windows\system32\d3d11.dll
0x67670000 - 0x67703000 	C:\windows\system32\dxgi.dll
0x67530000 - 0x67664000 	C:\windows\system32\twinapi.appcore.dll
0x67510000 - 0x6752a000 	C:\windows\system32\RMCLIENT.dll
0x64000000 - 0x6401b000 	C:\Program Files (x86)\Arduino\lib\jSSC-2.8_x86.dll
0x73b10000 - 0x73c91000 	C:\windows\SYSTEM32\dbghelp.dll

VM Arguments:
jvm_args: -Dsun.java2d.d3d=false -Djna.nosys=true -Djna.nounpack=true -Djna.boot.library.name=jnidispatch-4.2.2-win32-x86 -Djna.boot.library.path=C:\Program Files (x86)\Arduino/lib -Djssc.library.path=C:\Program Files (x86)\Arduino/lib -DAPP_DIR=C:\Program Files (x86)\Arduino -Xms128M -Xmx512M 
java_command: processing.app.Base C:\Docs\AlexCrouch\Git\Glider\Glider.ino
java_class_path (initial): C:\Program Files (x86)\Arduino\lib\apple.jar;C:\Program Files (x86)\Arduino\lib\arduino-core.jar;C:\Program Files (x86)\Arduino\lib\batik-1.8.jar;C:\Program Files (x86)\Arduino\lib\batik-anim-1.8.jar;C:\Program Files (x86)\Arduino\lib\batik-awt-util-1.8.jar;C:\Program Files (x86)\Arduino\lib\batik-bridge-1.8.jar;C:\Program Files (x86)\Arduino\lib\batik-codec-1.8.jar;C:\Program Files (x86)\Arduino\lib\batik-css-1.8.jar;C:\Program Files (x86)\Arduino\lib\batik-dom-1.8.jar;C:\Program Files (x86)\Arduino\lib\batik-ext-1.8.jar;C:\Program Files (x86)\Arduino\lib\batik-gvt-1.8.jar;C:\Program Files (x86)\Arduino\lib\batik-parser-1.8.jar;C:\Program Files (x86)\Arduino\lib\batik-rasterizer-1.8.jar;C:\Program Files (x86)\Arduino\lib\batik-script-1.8.jar;C:\Program Files (x86)\Arduino\lib\batik-squiggle-1.8.jar;C:\Program Files (x86)\Arduino\lib\batik-svg-dom-1.8.jar;C:\Program Files (x86)\Arduino\lib\batik-svgpp-1.8.jar;C:\Program Files (x86)\Arduino\lib\batik-transcoder-1.8.jar;C:\Program Files (x86)\Arduino\lib\batik-util-1.8.jar;C:\Program Files (x86)\Arduino\lib\batik-xml-1.8.jar;C:\Program Files (x86)\Arduino\lib\bcpg-jdk15on-152.jar;C:\Program Files (x86)\Arduino\lib\bcprov-jdk15on-152.jar;C:\Program Files (x86)\Arduino\lib\commons-codec-1.7.jar;C:\Program Files (x86)\Arduino\lib\commons-compress-1.8.jar;C:\Program Files (x86)\Arduino\lib\commons-exec-1.1.jar;C:\Program Files (x86)\Arduino\lib\commons-httpclient-3.1.jar;C:\Program Files (x86)\Arduino\lib\commons-lang3-3.3.2.jar;C:\Program Files (x86)\Arduino\lib\commons-logging-1.0.4.jar;C:\Program Files (x86)\Arduino\lib\commons-net-3.3.jar;C:\Program Files (x86)\Arduino\lib\jackson-annotations-2.9.5.jar;C:\Program Files (x86)\Arduino\lib\jackson-core-2.9.5.jar;C:\Program Files (x86)\Arduino\lib\jackson-databind-2.9.5.jar;C:\Program Files (x86)\Arduino\lib\jackson-module-mrbean-2.9.5.jar;C:\Program Files (x86)\Arduino\lib\java-semver-0.8.0.jar;C:\Program Files (x86)\Arduino\lib\jmdns-3.5.3.j
Launcher Type: SUN_STANDARD

Environment Variables:
PATH=C:\Program Files (x86)\NVIDIA Corporation\PhysX\Common;C:\Program Files (x86)\Common Files\Oracle\Java\javapath;C:\windows\system32;C:\windows;C:\windows\System32\Wbem;C:\windows\System32\WindowsPowerShell\v1.0\;C:\Program Files (x86)\Novell\ZENworks\bin;C:\Program Files\Novell\iPrint;C:\Program Files\Microsoft SQL Server\Client SDK\ODBC\110\Tools\Binn\;C:\Program Files (x86)\Microsoft SQL Server\120\Tools\Binn\;C:\Program Files\Microsoft SQL Server\120\Tools\Binn\;C:\Program Files\Microsoft SQL Server\120\DTS\Binn\;C:\Program Files (x86)\Windows Kits\8.1\Windows Performance Toolkit\;C:\Program Files\MATLAB\R2018a\runtime\win64;C:\Program Files\MATLAB\R2018a\bin;C:\Program Files\dotnet\;C:\Program Files\Microsoft SQL Server\130\Tools\Binn\;C:\Program Files (x86)\IVI Foundation\IVI\bin;C:\Program Files\IVI Foundation\IVI\bin;C:\Program Files (x86)\IVI Foundation\VISA\WinNT\Bin\;C:\Program Files\IVI Foundation\VISA\Win64\Bin\;C:\Program Files (x86)\IVI Foundation\VISA\WinNT\Bin;C:\Users\alexcrouch\AppData\Local\Microsoft\WindowsApps;C:\Users\alexcrouch\AppData\Local\GitHubDesktop\bin;C:\Docs\GitHubDesktop\bin;Z:.;;C:\Program Files (x86)\Arduino\java\bin
USERNAME=alexcrouch
OS=Windows_NT
PROCESSOR_IDENTIFIER=Intel64 Family 6 Model 94 Stepping 3, GenuineIntel



---------------  S Y S T E M  ---------------

OS: Windows 10.0 , 64 bit Build 16299 (10.0.16299.431)

CPU:total 4 (initial active 4) (4 cores per cpu, 1 threads per core) family 6 model 94 stepping 3, cmov, cx8, fxsr, mmx, sse, sse2, sse3, ssse3, sse4.1, sse4.2, popcnt, avx, avx2, aes, clmul, erms, rtm, 3dnowpref, lzcnt, tsc, tscinvbit, bmi1, bmi2, adx

Memory: 4k page, physical 8287160k(812836k free), swap 15430240k(2244720k free)

vm_info: Java HotSpot(TM) Client VM (25.171-b11) for windows-x86 JRE (1.8.0_171-b11), built on Mar 28 2018 14:51:22 by "java_re" with MS VC++ 10.0 (VS2010)

time: Tue Feb 05 15:13:40 2019
elapsed time: 87497 seconds (1d 0h 18m 17s)

